[0.623s] Invoking command in '/home/rishith/MRT/MRT_ASSIGNMENT_6_updated/src/my_robot': PYTHONPATH=/home/rishith/MRT/MRT_ASSIGNMENT_6_updated/build/my_robot/prefix_override:/home/rishith/MRT/MRT_ASSIGNMENT_6_updated/install/my_robot/lib/python3.10/site-packages:${PYTHONPATH} /usr/bin/python3 -W ignore:setup.py install is deprecated setup.py egg_info --egg-base ../../build/my_robot build --build-base /home/rishith/MRT/MRT_ASSIGNMENT_6_updated/build/my_robot/build install --record /home/rishith/MRT/MRT_ASSIGNMENT_6_updated/build/my_robot/install.log --single-version-externally-managed install_data
[0.785s] running egg_info
[0.785s] creating ../../build/my_robot/my_robot.egg-info
[0.785s] writing ../../build/my_robot/my_robot.egg-info/PKG-INFO
[0.786s] writing dependency_links to ../../build/my_robot/my_robot.egg-info/dependency_links.txt
[0.786s] writing entry points to ../../build/my_robot/my_robot.egg-info/entry_points.txt
[0.786s] writing requirements to ../../build/my_robot/my_robot.egg-info/requires.txt
[0.786s] writing top-level names to ../../build/my_robot/my_robot.egg-info/top_level.txt
[0.786s] writing manifest file '../../build/my_robot/my_robot.egg-info/SOURCES.txt'
[0.787s] reading manifest file '../../build/my_robot/my_robot.egg-info/SOURCES.txt'
[0.787s] writing manifest file '../../build/my_robot/my_robot.egg-info/SOURCES.txt'
[0.787s] running build
[0.787s] running build_py
[0.787s] creating /home/rishith/MRT/MRT_ASSIGNMENT_6_updated/build/my_robot/build
[0.787s] creating /home/rishith/MRT/MRT_ASSIGNMENT_6_updated/build/my_robot/build/lib
[0.787s] creating /home/rishith/MRT/MRT_ASSIGNMENT_6_updated/build/my_robot/build/lib/my_robot
[0.788s] copying my_robot/movement.py -> /home/rishith/MRT/MRT_ASSIGNMENT_6_updated/build/my_robot/build/lib/my_robot
[0.788s] copying my_robot/__init__.py -> /home/rishith/MRT/MRT_ASSIGNMENT_6_updated/build/my_robot/build/lib/my_robot
[0.788s] running install
[0.788s] running install_lib
[0.788s] creating /home/rishith/MRT/MRT_ASSIGNMENT_6_updated/install/my_robot/lib/python3.10/site-packages/my_robot
[0.788s] copying /home/rishith/MRT/MRT_ASSIGNMENT_6_updated/build/my_robot/build/lib/my_robot/movement.py -> /home/rishith/MRT/MRT_ASSIGNMENT_6_updated/install/my_robot/lib/python3.10/site-packages/my_robot
[0.788s] copying /home/rishith/MRT/MRT_ASSIGNMENT_6_updated/build/my_robot/build/lib/my_robot/__init__.py -> /home/rishith/MRT/MRT_ASSIGNMENT_6_updated/install/my_robot/lib/python3.10/site-packages/my_robot
[0.788s] byte-compiling /home/rishith/MRT/MRT_ASSIGNMENT_6_updated/install/my_robot/lib/python3.10/site-packages/my_robot/movement.py to movement.cpython-310.pyc
[0.789s] byte-compiling /home/rishith/MRT/MRT_ASSIGNMENT_6_updated/install/my_robot/lib/python3.10/site-packages/my_robot/__init__.py to __init__.cpython-310.pyc
[0.789s] running install_data
[0.789s] creating /home/rishith/MRT/MRT_ASSIGNMENT_6_updated/install/my_robot/share
[0.789s] creating /home/rishith/MRT/MRT_ASSIGNMENT_6_updated/install/my_robot/share/ament_index
[0.789s] creating /home/rishith/MRT/MRT_ASSIGNMENT_6_updated/install/my_robot/share/ament_index/resource_index
[0.789s] creating /home/rishith/MRT/MRT_ASSIGNMENT_6_updated/install/my_robot/share/ament_index/resource_index/packages
[0.789s] copying resource/my_robot -> /home/rishith/MRT/MRT_ASSIGNMENT_6_updated/install/my_robot/share/ament_index/resource_index/packages
[0.789s] creating /home/rishith/MRT/MRT_ASSIGNMENT_6_updated/install/my_robot/share/my_robot
[0.789s] copying package.xml -> /home/rishith/MRT/MRT_ASSIGNMENT_6_updated/install/my_robot/share/my_robot
[0.789s] running install_egg_info
[0.791s] Copying ../../build/my_robot/my_robot.egg-info to /home/rishith/MRT/MRT_ASSIGNMENT_6_updated/install/my_robot/lib/python3.10/site-packages/my_robot-0.0.0-py3.10.egg-info
[0.791s] running install_scripts
[0.805s] writing list of installed files to '/home/rishith/MRT/MRT_ASSIGNMENT_6_updated/build/my_robot/install.log'
[0.824s] Invoked command in '/home/rishith/MRT/MRT_ASSIGNMENT_6_updated/src/my_robot' returned '0': PYTHONPATH=/home/rishith/MRT/MRT_ASSIGNMENT_6_updated/build/my_robot/prefix_override:/home/rishith/MRT/MRT_ASSIGNMENT_6_updated/install/my_robot/lib/python3.10/site-packages:${PYTHONPATH} /usr/bin/python3 -W ignore:setup.py install is deprecated setup.py egg_info --egg-base ../../build/my_robot build --build-base /home/rishith/MRT/MRT_ASSIGNMENT_6_updated/build/my_robot/build install --record /home/rishith/MRT/MRT_ASSIGNMENT_6_updated/build/my_robot/install.log --single-version-externally-managed install_data
