[0.883s] Invoking command in '/home/rishith/MRT/MRT_ASSIGNMENT_6_updated/src/my_robot': PYTHONPATH=/home/rishith/MRT/MRT_ASSIGNMENT_6_updated/build/my_robot/prefix_override:/home/rishith/MRT/MRT_ASSIGNMENT_6_updated/install/my_robot/lib/python3.10/site-packages:${PYTHONPATH} /usr/bin/python3 -W ignore:setup.py install is deprecated setup.py egg_info --egg-base ../../build/my_robot build --build-base /home/rishith/MRT/MRT_ASSIGNMENT_6_updated/build/my_robot/build install --record /home/rishith/MRT/MRT_ASSIGNMENT_6_updated/build/my_robot/install.log --single-version-externally-managed install_data
[1.170s] running egg_info
[1.170s] writing ../../build/my_robot/my_robot.egg-info/PKG-INFO
[1.171s] writing dependency_links to ../../build/my_robot/my_robot.egg-info/dependency_links.txt
[1.171s] writing entry points to ../../build/my_robot/my_robot.egg-info/entry_points.txt
[1.171s] writing requirements to ../../build/my_robot/my_robot.egg-info/requires.txt
[1.171s] writing top-level names to ../../build/my_robot/my_robot.egg-info/top_level.txt
[1.174s] reading manifest file '../../build/my_robot/my_robot.egg-info/SOURCES.txt'
[1.175s] writing manifest file '../../build/my_robot/my_robot.egg-info/SOURCES.txt'
[1.176s] running build
[1.176s] running build_py
[1.176s] running install
[1.177s] running install_lib
[1.178s] running install_data
[1.178s] running install_egg_info
[1.181s] removing '/home/rishith/MRT/MRT_ASSIGNMENT_6_updated/install/my_robot/lib/python3.10/site-packages/my_robot-0.0.0-py3.10.egg-info' (and everything under it)
[1.181s] Copying ../../build/my_robot/my_robot.egg-info to /home/rishith/MRT/MRT_ASSIGNMENT_6_updated/install/my_robot/lib/python3.10/site-packages/my_robot-0.0.0-py3.10.egg-info
[1.181s] running install_scripts
[1.204s] Installing movement script to /home/rishith/MRT/MRT_ASSIGNMENT_6_updated/install/my_robot/lib/my_robot
[1.204s] writing list of installed files to '/home/rishith/MRT/MRT_ASSIGNMENT_6_updated/build/my_robot/install.log'
[1.233s] Invoked command in '/home/rishith/MRT/MRT_ASSIGNMENT_6_updated/src/my_robot' returned '0': PYTHONPATH=/home/rishith/MRT/MRT_ASSIGNMENT_6_updated/build/my_robot/prefix_override:/home/rishith/MRT/MRT_ASSIGNMENT_6_updated/install/my_robot/lib/python3.10/site-packages:${PYTHONPATH} /usr/bin/python3 -W ignore:setup.py install is deprecated setup.py egg_info --egg-base ../../build/my_robot build --build-base /home/rishith/MRT/MRT_ASSIGNMENT_6_updated/build/my_robot/build install --record /home/rishith/MRT/MRT_ASSIGNMENT_6_updated/build/my_robot/install.log --single-version-externally-managed install_data
