[0.377s] Invoking command in '/home/rishith/MRT/MRT_ASSIGNMENT_6_updated/src/my_robot': PYTHONPATH=/home/rishith/MRT/MRT_ASSIGNMENT_6_updated/build/my_robot/prefix_override:/home/rishith/MRT/MRT_ASSIGNMENT_6_updated/install/my_robot/lib/python3.10/site-packages:${PYTHONPATH} /usr/bin/python3 -W ignore:setup.py install is deprecated setup.py egg_info --egg-base ../../build/my_robot build --build-base /home/rishith/MRT/MRT_ASSIGNMENT_6_updated/build/my_robot/build install --record /home/rishith/MRT/MRT_ASSIGNMENT_6_updated/build/my_robot/install.log --single-version-externally-managed install_data
[0.516s] running egg_info
[0.517s] writing ../../build/my_robot/my_robot.egg-info/PKG-INFO
[0.517s] writing dependency_links to ../../build/my_robot/my_robot.egg-info/dependency_links.txt
[0.517s] writing entry points to ../../build/my_robot/my_robot.egg-info/entry_points.txt
[0.517s] writing requirements to ../../build/my_robot/my_robot.egg-info/requires.txt
[0.517s] writing top-level names to ../../build/my_robot/my_robot.egg-info/top_level.txt
[0.518s] reading manifest file '../../build/my_robot/my_robot.egg-info/SOURCES.txt'
[0.519s] writing manifest file '../../build/my_robot/my_robot.egg-info/SOURCES.txt'
[0.519s] running build
[0.519s] running build_py
[0.519s] copying my_robot/spawn_rover.py -> /home/rishith/MRT/MRT_ASSIGNMENT_6_updated/build/my_robot/build/lib/my_robot
[0.519s] running install
[0.519s] running install_lib
[0.520s] copying /home/rishith/MRT/MRT_ASSIGNMENT_6_updated/build/my_robot/build/lib/my_robot/spawn_rover.py -> /home/rishith/MRT/MRT_ASSIGNMENT_6_updated/install/my_robot/lib/python3.10/site-packages/my_robot
[0.520s] byte-compiling /home/rishith/MRT/MRT_ASSIGNMENT_6_updated/install/my_robot/lib/python3.10/site-packages/my_robot/spawn_rover.py to spawn_rover.cpython-310.pyc
[0.521s] running install_data
[0.521s] running install_egg_info
[0.523s] removing '/home/rishith/MRT/MRT_ASSIGNMENT_6_updated/install/my_robot/lib/python3.10/site-packages/my_robot-0.0.0-py3.10.egg-info' (and everything under it)
[0.523s] Copying ../../build/my_robot/my_robot.egg-info to /home/rishith/MRT/MRT_ASSIGNMENT_6_updated/install/my_robot/lib/python3.10/site-packages/my_robot-0.0.0-py3.10.egg-info
[0.523s] running install_scripts
[0.537s] writing list of installed files to '/home/rishith/MRT/MRT_ASSIGNMENT_6_updated/build/my_robot/install.log'
[0.560s] Invoked command in '/home/rishith/MRT/MRT_ASSIGNMENT_6_updated/src/my_robot' returned '0': PYTHONPATH=/home/rishith/MRT/MRT_ASSIGNMENT_6_updated/build/my_robot/prefix_override:/home/rishith/MRT/MRT_ASSIGNMENT_6_updated/install/my_robot/lib/python3.10/site-packages:${PYTHONPATH} /usr/bin/python3 -W ignore:setup.py install is deprecated setup.py egg_info --egg-base ../../build/my_robot build --build-base /home/rishith/MRT/MRT_ASSIGNMENT_6_updated/build/my_robot/build install --record /home/rishith/MRT/MRT_ASSIGNMENT_6_updated/build/my_robot/install.log --single-version-externally-managed install_data
