[0.491s] Invoking command in '/home/rishith/MRT/MRT_ASSIGNMENT_6_updated/src/my_robot': PYTHONPATH=/home/rishith/MRT/MRT_ASSIGNMENT_6_updated/build/my_robot/prefix_override:/home/rishith/MRT/MRT_ASSIGNMENT_6_updated/install/my_robot/lib/python3.10/site-packages:${PYTHONPATH} /usr/bin/python3 -W ignore:setup.py install is deprecated setup.py egg_info --egg-base ../../build/my_robot build --build-base /home/rishith/MRT/MRT_ASSIGNMENT_6_updated/build/my_robot/build install --record /home/rishith/MRT/MRT_ASSIGNMENT_6_updated/build/my_robot/install.log --single-version-externally-managed install_data
[0.627s] running egg_info
[0.627s] writing ../../build/my_robot/my_robot.egg-info/PKG-INFO
[0.628s] writing dependency_links to ../../build/my_robot/my_robot.egg-info/dependency_links.txt
[0.628s] writing entry points to ../../build/my_robot/my_robot.egg-info/entry_points.txt
[0.628s] writing requirements to ../../build/my_robot/my_robot.egg-info/requires.txt
[0.628s] writing top-level names to ../../build/my_robot/my_robot.egg-info/top_level.txt
[0.629s] reading manifest file '../../build/my_robot/my_robot.egg-info/SOURCES.txt'
[0.630s] writing manifest file '../../build/my_robot/my_robot.egg-info/SOURCES.txt'
[0.630s] running build
[0.630s] running build_py
[0.630s] running install
[0.631s] running install_lib
[0.631s] running install_data
[0.631s] running install_egg_info
[0.633s] removing '/home/rishith/MRT/MRT_ASSIGNMENT_6_updated/install/my_robot/lib/python3.10/site-packages/my_robot-0.0.0-py3.10.egg-info' (and everything under it)
[0.633s] Copying ../../build/my_robot/my_robot.egg-info to /home/rishith/MRT/MRT_ASSIGNMENT_6_updated/install/my_robot/lib/python3.10/site-packages/my_robot-0.0.0-py3.10.egg-info
[0.633s] running install_scripts
[0.648s] Installing movement script to /home/rishith/MRT/MRT_ASSIGNMENT_6_updated/install/my_robot/lib/my_robot
[0.648s] writing list of installed files to '/home/rishith/MRT/MRT_ASSIGNMENT_6_updated/build/my_robot/install.log'
[0.664s] Invoked command in '/home/rishith/MRT/MRT_ASSIGNMENT_6_updated/src/my_robot' returned '0': PYTHONPATH=/home/rishith/MRT/MRT_ASSIGNMENT_6_updated/build/my_robot/prefix_override:/home/rishith/MRT/MRT_ASSIGNMENT_6_updated/install/my_robot/lib/python3.10/site-packages:${PYTHONPATH} /usr/bin/python3 -W ignore:setup.py install is deprecated setup.py egg_info --egg-base ../../build/my_robot build --build-base /home/rishith/MRT/MRT_ASSIGNMENT_6_updated/build/my_robot/build install --record /home/rishith/MRT/MRT_ASSIGNMENT_6_updated/build/my_robot/install.log --single-version-externally-managed install_data
